c:\projects\textrendering\bin-intermediate\release\x64\vc143.pdb
c:\projects\textrendering\bin-intermediate\release\x64\vec3.obj
c:\projects\textrendering\bin-intermediate\release\x64\tri.obj
c:\projects\textrendering\bin-intermediate\release\x64\transformcomponent.obj
c:\projects\textrendering\bin-intermediate\release\x64\rotatingcube.obj
c:\projects\textrendering\bin-intermediate\release\x64\object.obj
c:\projects\textrendering\bin-intermediate\release\x64\mat3.obj
c:\projects\textrendering\bin-intermediate\release\x64\cuberenderercomponent.obj
c:\projects\textrendering\bin-intermediate\release\x64\main.obj
c:\projects\textrendering\bin-intermediate\release\x64\component.obj
c:\projects\textrendering\bin-intermediate\release\x64\chartexture.obj
c:\projects\textrendering\bin-intermediate\release\x64\application.obj
c:\projects\textrendering\bin-intermediate\release\x64\meshrenderercomponent.obj
c:\projects\textrendering\bin-intermediate\release\x64\meshcomponent.obj
c:\projects\textrendering\bin-intermediate\release\x64\mesh.obj
c:\projects\textrendering\bin-intermediate\release\x64\physics.obj
c:\projects\textrendering\bin-intermediate\release\x64\rotatingmodel.obj
c:\projects\textrendering\bin-intermediate\release\x64\vec4.obj
c:\projects\textrendering\bin-intermediate\release\x64\mat4.obj
c:\projects\textrendering\bin\release\x64\textrendering.exe
c:\projects\textrendering\bin-intermediate\release\x64\textrendering.ipdb
c:\projects\textrendering\bin\release\x64\textrendering.pdb
c:\projects\textrendering\bin-intermediate\release\x64\textrendering.iobj
c:\projects\textrendering\bin-intermediate\release\x64\textrendering.vcxproj.filelistabsolute.txt
c:\projects\textrendering\bin-intermediate\release\x64\textrendering.tlog\cl.command.1.tlog
c:\projects\textrendering\bin-intermediate\release\x64\textrendering.tlog\cl.read.1.tlog
c:\projects\textrendering\bin-intermediate\release\x64\textrendering.tlog\cl.write.1.tlog
c:\projects\textrendering\bin-intermediate\release\x64\textrendering.tlog\link.command.1.tlog
c:\projects\textrendering\bin-intermediate\release\x64\textrendering.tlog\link.read.1.tlog
c:\projects\textrendering\bin-intermediate\release\x64\textrendering.tlog\link.write.1.tlog
